Change Component Designator: Old Designator=* New Designator=*1
Change Component Designator: Old Designator=C3 New Designator=C1
Change Component Designator: Old Designator=C4 New Designator=C2
Change Component Designator: Old Designator=C5 New Designator=C3
Change Component Designator: Old Designator=C6 New Designator=C4
Change Component Designator: Old Designator=C7 New Designator=C10
Change Component Designator: Old Designator=C8 New Designator=C5
Change Component Designator: Old Designator=C10 New Designator=C6
Change Component Designator: Old Designator=C11 New Designator=C7
Change Component Designator: Old Designator=C12 New Designator=C8
Change Component Designator: Old Designator=C13 New Designator=C17
Change Component Designator: Old Designator=C14 New Designator=C15
Change Component Designator: Old Designator=C18 New Designator=C16
Change Component Designator: Old Designator=C22 New Designator=C9
Change Component Designator: Old Designator=C28 New Designator=C12
Change Component Designator: Old Designator=C29 New Designator=C11
Change Component Designator: Old Designator=C31 New Designator=C14
Change Component Designator: Old Designator=C32 New Designator=C13
Change Component Designator: Old Designator=D4 New Designator=D3
Change Component Designator: Old Designator=H2 New Designator=H3
Change Component Designator: Old Designator=H10 New Designator=H11
Change Component Designator: Old Designator=H11 New Designator=H12
Change Component Designator: Old Designator=H12 New Designator=H13
Change Component Designator: Old Designator=H13 New Designator=H10
Change Component Designator: Old Designator=H17 New Designator=H6
Change Component Designator: Old Designator=H20 New Designator=H9
Change Component Designator: Old Designator=H21 New Designator=H5
Change Component Designator: Old Designator=H22 New Designator=H8
Change Component Designator: Old Designator=H23 New Designator=H7
Change Component Designator: Old Designator=H24 New Designator=H4
Change Component Designator: Old Designator=H25/H24 New Designator=H2
Change Component Designator: Old Designator=J1 New Designator=J2
Change Component Designator: Old Designator=J2 New Designator=J1
Change Component Designator: Old Designator=Q? New Designator=Q2
Change Component Designator: Old Designator=R1 New Designator=R16
Change Component Designator: Old Designator=R2 New Designator=R17
Change Component Designator: Old Designator=R3 New Designator=R1
Change Component Designator: Old Designator=R5 New Designator=R3
Change Component Designator: Old Designator=R6 New Designator=R13
Change Component Designator: Old Designator=R7 New Designator=R12
Change Component Designator: Old Designator=R8 New Designator=R20
Change Component Designator: Old Designator=R9 New Designator=R14
Change Component Designator: Old Designator=R10 New Designator=R15
Change Component Designator: Old Designator=R11 New Designator=R18
Change Component Designator: Old Designator=R12 New Designator=R19
Change Component Designator: Old Designator=R13 New Designator=R21
Change Component Designator: Old Designator=R14 New Designator=R2
Change Component Designator: Old Designator=R15 New Designator=R11
Change Component Designator: Old Designator=R17 New Designator=R7
Change Component Designator: Old Designator=R26 New Designator=R8
Change Component Designator: Old Designator=R27 New Designator=R10
Change Component Designator: Old Designator=R28 New Designator=R9
Change Component Designator: Old Designator=R30 New Designator=R5
Change Component Designator: Old Designator=R31 New Designator=R6
Change Component Designator: Old Designator=RESET New Designator=RESET1
Change Component Designator: Old Designator=T? New Designator=T1
Change Component Designator: Old Designator=U4 New Designator=U2
Change Component Designator: Old Designator=U8 New Designator=U3
