Change Component Designator: Old Designator=C1 New Designator=C18
Change Component Designator: Old Designator=C2 New Designator=C25
Change Component Designator: Old Designator=C9 New Designator=C24
Change Component Designator: Old Designator=C15 New Designator=C23
Change Component Designator: Old Designator=C17 New Designator=C22
Change Component Designator: Old Designator=C19 New Designator=C21
Change Component Designator: Old Designator=C21 New Designator=C19
Change Component Designator: Old Designator=C23 New Designator=C27
Change Component Designator: Old Designator=C24 New Designator=C26
Change Component Designator: Old Designator=C25 New Designator=C30
Change Component Designator: Old Designator=C26 New Designator=C28
Change Component Designator: Old Designator=C34 New Designator=C29
Change Component Designator: Old Designator=H14 New Designator=H15
Change Component Designator: Old Designator=H15 New Designator=H16
Change Component Designator: Old Designator=H18 New Designator=H17
Change Component Designator: Old Designator=H19 New Designator=H18
Change Component Designator: Old Designator=H? New Designator=H14
Change Component Designator: Old Designator=J11 New Designator=J3
Change Component Designator: Old Designator=R16 New Designator=R25
Change Component Designator: Old Designator=R18 New Designator=R22
Change Component Designator: Old Designator=R19 New Designator=R28
Change Component Designator: Old Designator=R20 New Designator=R29
Change Component Designator: Old Designator=R21 New Designator=R26
Change Component Designator: Old Designator=R22 New Designator=R27
Change Component Designator: Old Designator=U? New Designator=U4
Change Component Designator: Old Designator=Y5 New Designator=Y3
