Removed Member From Class: ClassName=ESQUEMATICOS2 Member=C11
Removed Member From Class: ClassName=ESQUEMATICOS2 Member=C12
Removed Member From Class: ClassName=ESQUEMATICOS1 Member=C18
Removed Member From Class: ClassName=ESQUEMATICOS1 Member=C22
Removed Member From Class: ClassName=ESQUEMATICOS1 Member=C23
Removed Member From Class: ClassName=ESQUEMATICOS2 Member=R16
Removed Member From Class: ClassName=ESQUEMATICOS2 Member=R18
Removed Member From Class: ClassName=ESQUEMATICOS2 Member=R19
Removed Member From Class: ClassName=ESQUEMATICOS2 Member=R20
Removed Member From Class: ClassName=ESQUEMATICOS2 Member=R21
Removed Member From Class: ClassName=ESQUEMATICOS1 Member=R26
Removed Member From Class: ClassName=ESQUEMATICOS1 Member=R27
Removed Member From Class: ClassName=ESQUEMATICOS1 Member=R28
Added Pin To Net: NetName=WAKE_N Pin=R20-1
Change Net Name : Old Net Name=WAKE_N New Net Name=WAKE
Added Member To Class: ClassName=ESQUEMATICOS1 Member=Component C1 0.01uF
Added Member To Class: ClassName=ESQUEMATICOS1 Member=Component C4 0.1uF
Added Member To Class: ClassName=ESQUEMATICOS1 Member=Component C5 0.01uF
Added Member To Class: ClassName=ESQUEMATICOS1 Member=Component C7 0.1uF
Added Member To Class: ClassName=ESQUEMATICOS1 Member=Component C8 1.0uF
Added Member To Class: ClassName=ESQUEMATICOS1 Member=Component C10 1.0uF
Added Member To Class: ClassName=ESQUEMATICOS1 Member=Component C11 24pF
Added Member To Class: ClassName=ESQUEMATICOS1 Member=Component C13 10pF
Added Member To Class: ClassName=ESQUEMATICOS1 Member=Component C14 10pF
Added Member To Class: ClassName=ESQUEMATICOS1 Member=Component C15 1.0uF
Added Member To Class: ClassName=ESQUEMATICOS2 Member=Component C19 0.01uF
Added Member To Class: ClassName=ESQUEMATICOS2 Member=Component C25 1.0uF
Added Member To Class: ClassName=ESQUEMATICOS2 Member=Component C26 0.1uF
Added Member To Class: ClassName=ESQUEMATICOS2 Member=Component C29 0.1uF
Added Member To Class: ClassName=ESQUEMATICOS1 Member=Component H2 961102-6404-AR
Added Member To Class: ClassName=ESQUEMATICOS1 Member=Component H10 Single Head
Added Member To Class: ClassName=ESQUEMATICOS1 Member=Component H12 Single Head
Added Member To Class: ClassName=ESQUEMATICOS2 Member=Component H14 Single Head
Added Member To Class: ClassName=ESQUEMATICOS2 Member=Component H15 Single Head
Added Member To Class: ClassName=ESQUEMATICOS2 Member=Component H18 Single Head
Added Member To Class: ClassName=ESQUEMATICOS1 Member=Component J1 SSW-110-23-S-D
Added Member To Class: ClassName=ESQUEMATICOS2 Member=Component U4 LM4F120H5QRFIG
Added Room: Name=ESQUEMATICOS1
Added Room: Name=ESQUEMATICOS2
