Removed Pin From Net: NetName=+VBUS Pin=J1-1
Removed Pin From Net: NetName=GND Pin=J1-2
Removed Pin From Net: NetName=PD0 Pin=J1-3
Removed Pin From Net: NetName=PD1 Pin=J1-4
Removed Pin From Net: NetName=PD2 Pin=J1-5
Removed Pin From Net: NetName=PD3 Pin=J1-6
Removed Pin From Net: NetName=PE1 Pin=J1-7
Removed Pin From Net: NetName=PE2 Pin=J1-8
Removed Pin From Net: NetName=PE3 Pin=J1-9
Removed Pin From Net: NetName=PF1 Pin=J1-10
Removed Pin From Net: NetName=PF2 Pin=J1-11
Removed Pin From Net: NetName=PF3 Pin=J1-12
Removed Pin From Net: NetName=PB3 Pin=J1-13
Removed Pin From Net: NetName=PC4 Pin=J1-14
Removed Pin From Net: NetName=PC5 Pin=J1-15
Removed Pin From Net: NetName=PC6 Pin=J1-16
Removed Pin From Net: NetName=PC7 Pin=J1-17
Removed Pin From Net: NetName=PD6 Pin=J1-18
Removed Pin From Net: NetName=PD7 Pin=J1-19
Removed Pin From Net: NetName=PF4 Pin=J1-20
Removed Pin From Net: NetName=GND Pin=J2-11
Removed Pin From Net: NetName=PB2 Pin=J2-12
Removed Pin From Net: NetName=PE0 Pin=J2-13
Removed Pin From Net: NetName=PF0 Pin=J2-14
Removed Pin From Net: NetName=TARGETRST Pin=J2-15
Removed Pin From Net: NetName=PB7 Pin=J2-16
Removed Pin From Net: NetName=PB6 Pin=J2-17
Removed Pin From Net: NetName=PA4 Pin=J2-18
Removed Pin From Net: NetName=PA2 Pin=J2-19
Removed Pin From Net: NetName=PA3 Pin=J2-20
Added Pin To Net: NetName=PF2 Pin=J1-1
Added Pin To Net: NetName=PF3 Pin=J1-2
Added Pin To Net: NetName=PB3 Pin=J1-3
Added Pin To Net: NetName=PC4 Pin=J1-4
Added Pin To Net: NetName=PC5 Pin=J1-5
Added Pin To Net: NetName=PC6 Pin=J1-6
Added Pin To Net: NetName=PC7 Pin=J1-7
Added Pin To Net: NetName=PD6 Pin=J1-8
Added Pin To Net: NetName=PD7 Pin=J1-9
Added Pin To Net: NetName=PF4 Pin=J1-10
Added Pin To Net: NetName=GND Pin=J1-11
Added Pin To Net: NetName=PB2 Pin=J1-12
Added Pin To Net: NetName=PE0 Pin=J1-13
Added Pin To Net: NetName=PF0 Pin=J1-14
Added Pin To Net: NetName=TARGETRST Pin=J1-15
Added Pin To Net: NetName=PB7 Pin=J1-16
Added Pin To Net: NetName=PB6 Pin=J1-17
Added Pin To Net: NetName=PA4 Pin=J1-18
Added Pin To Net: NetName=PA2 Pin=J1-19
Added Pin To Net: NetName=PA3 Pin=J1-20
Added Pin To Net: NetName=+VBUS Pin=J2-11
Added Pin To Net: NetName=GND Pin=J2-12
Added Pin To Net: NetName=PD0 Pin=J2-13
Added Pin To Net: NetName=PD1 Pin=J2-14
Added Pin To Net: NetName=PD2 Pin=J2-15
Added Pin To Net: NetName=PD3 Pin=J2-16
Added Pin To Net: NetName=PE1 Pin=J2-17
Added Pin To Net: NetName=PE2 Pin=J2-18
Added Pin To Net: NetName=PE3 Pin=J2-19
Added Pin To Net: NetName=PF1 Pin=J2-20
Added Room: Name=ESQUEMATICOS1
Added Room: Name=ESQUEMATICOS2
